2025-02-15 22:55:34,333 INFO :: This is an info message
2025-02-15 22:56:14,104 DEBUG :: This is an debug message
2025-02-16 22:06:47,464 DEBUG :: Starting new HTTPS connection (1): fapi.binance.com:443
2025-02-16 22:06:47,998 DEBUG :: https://fapi.binance.com:443 "GET /fapi/v1/exchangeInfo HTTP/1.1" 200 None
2025-02-16 22:06:48,004 DEBUG :: Starting new HTTPS connection (1): fapi.binance.com:443
2025-02-16 22:06:48,299 DEBUG :: https://fapi.binance.com:443 "GET /fapi/v1/exchangeInfo HTTP/1.1" 200 None
2025-02-16 22:09:35,257 DEBUG :: Starting new HTTPS connection (1): fapi.binance.com:443
2025-02-16 22:09:42,447 DEBUG :: https://fapi.binance.com:443 "GET /fapi/v1/exchangeInfo HTTP/1.1" 200 None
2025-02-16 22:09:42,453 DEBUG :: Starting new HTTPS connection (1): fapi.binance.com:443
2025-02-16 22:09:42,731 DEBUG :: https://fapi.binance.com:443 "GET /fapi/v1/exchangeInfo HTTP/1.1" 200 None
2025-02-17 17:35:47,660 DEBUG :: Starting new HTTPS connection (1): fapi.binance.com:443
2025-02-17 17:35:47,977 DEBUG :: https://fapi.binance.com:443 "GET /fapi/v1/exchangeInfo HTTP/1.1" 200 None
2025-02-18 08:36:51,393 DEBUG :: Starting new HTTPS connection (1): fapi.binance.com:443
2025-02-18 08:36:51,727 DEBUG :: https://fapi.binance.com:443 "GET /fapi/v1/exchangeInfo HTTP/1.1" 200 None
2025-02-18 08:36:51,794 DEBUG :: Starting new HTTPS connection (1): fapi.binance.com:443
2025-02-18 08:36:52,083 DEBUG :: https://fapi.binance.com:443 "GET /fapi/v1/klines?symbol=BTCUSDT&interval=1m&limit=1500 HTTP/1.1" 200 None
2025-02-18 08:38:07,743 DEBUG :: Starting new HTTPS connection (1): fapi.binance.com:443
2025-02-18 08:38:09,292 DEBUG :: https://fapi.binance.com:443 "GET /fapi/v1/exchangeInfo HTTP/1.1" 200 None
2025-02-18 08:38:09,517 DEBUG :: Starting new HTTPS connection (1): fapi.binance.com:443
2025-02-18 08:38:10,255 DEBUG :: https://fapi.binance.com:443 "GET /fapi/v1/klines?symbol=BTCUSDT&interval=1m&limit=1500 HTTP/1.1" 200 None
2025-02-18 19:27:55,398 DEBUG :: Starting new HTTPS connection (1): fapi.binance.com:443
2025-02-18 19:27:55,736 DEBUG :: https://fapi.binance.com:443 "GET /fapi/v1/exchangeInfo HTTP/1.1" 200 None
2025-02-18 19:27:55,748 DEBUG :: Starting new HTTPS connection (1): api.crypto.com:443
2025-02-18 19:27:56,190 DEBUG :: https://api.crypto.com:443 "GET /exchange/v1/public/get-instruments HTTP/1.1" 200 None
2025-02-18 19:36:11,132 DEBUG :: Starting new HTTPS connection (1): fapi.binance.com:443
2025-02-18 19:36:11,463 DEBUG :: https://fapi.binance.com:443 "GET /fapi/v1/exchangeInfo HTTP/1.1" 200 None
2025-02-18 19:36:11,472 DEBUG :: Starting new HTTPS connection (1): api.crypto.com:443
2025-02-18 19:36:11,881 DEBUG :: https://api.crypto.com:443 "GET /exchange/v1/public/get-candlestick HTTP/1.1" 400 None
2025-02-18 19:36:11,883 ERROR :: Error while making request to public/get-candlestick: {'code': 40003, 'message': 'Invalid request'} (status code=400)
2025-02-18 19:37:03,852 DEBUG :: Starting new HTTPS connection (1): fapi.binance.com:443
2025-02-18 19:37:04,143 DEBUG :: https://fapi.binance.com:443 "GET /fapi/v1/exchangeInfo HTTP/1.1" 200 None
2025-02-18 19:37:04,155 DEBUG :: Starting new HTTPS connection (1): api.crypto.com:443
2025-02-18 19:37:04,538 DEBUG :: https://api.crypto.com:443 "GET /exchange/v1/public/get-candlestick HTTP/1.1" 400 None
2025-02-18 19:37:04,540 ERROR :: Error while making request to public/get-candlestick: {'code': 40003, 'message': 'Invalid request'} (status code=400)
2025-02-18 19:38:26,045 DEBUG :: Starting new HTTPS connection (1): fapi.binance.com:443
2025-02-18 19:38:26,393 DEBUG :: https://fapi.binance.com:443 "GET /fapi/v1/exchangeInfo HTTP/1.1" 200 None
2025-02-18 19:38:26,399 DEBUG :: Starting new HTTPS connection (1): api.crypto.com:443
2025-02-18 19:38:26,742 DEBUG :: https://api.crypto.com:443 "GET /exchange/v1/public/get-candlestick HTTP/1.1" 400 None
2025-02-18 19:38:26,743 ERROR :: Error while making request to public/get-candlestick: {'code': 40003, 'message': 'Invalid request'} (status code=400)
2025-02-18 19:39:34,369 DEBUG :: Starting new HTTPS connection (1): api.crypto.com:443
2025-02-18 19:39:34,766 DEBUG :: https://api.crypto.com:443 "GET /exchange/v1/public/get-candlestick HTTP/1.1" 400 None
2025-02-18 19:39:34,768 ERROR :: Error while making request to public/get-candlestick: {'code': 40003, 'message': 'Invalid request'} (status code=400)
2025-02-18 19:39:58,044 DEBUG :: Starting new HTTPS connection (1): api.crypto.com:443
2025-02-18 19:39:58,456 DEBUG :: https://api.crypto.com:443 "GET /exchange/v1/public/get-candlestick HTTP/1.1" 400 None
2025-02-18 19:39:58,458 ERROR :: Error while making request to public/get-candlestick: {'code': 40003, 'message': 'Invalid request'} (status code=400)
2025-02-18 20:21:26,305 DEBUG :: Starting new HTTPS connection (1): api.crypto.com:443
2025-02-18 20:21:26,718 DEBUG :: https://api.crypto.com:443 "GET /v2public/get-instruments HTTP/1.1" 404 36
2025-02-18 20:21:26,720 ERROR :: Error while making request to public/get-instruments: {'code': '10004', 'msg': 'BAD_REQUEST'} (status code=404)
2025-02-18 20:23:59,001 DEBUG :: Starting new HTTPS connection (1): api.crypto.com:443
2025-02-18 20:23:59,335 DEBUG :: https://api.crypto.com:443 "GET /v2public/get-instruments HTTP/1.1" 404 36
2025-02-18 20:23:59,337 ERROR :: Error while making request to public/get-instruments: {'code': '10004', 'msg': 'BAD_REQUEST'} (status code=404)
2025-02-18 21:11:57,474 DEBUG :: Starting new HTTPS connection (1): api.crypto.com:443
2025-02-18 21:11:57,992 DEBUG :: https://api.crypto.com:443 "GET /v2/public/get-instruments HTTP/1.1" 200 None
2025-02-18 21:14:06,732 DEBUG :: Starting new HTTPS connection (1): api.crypto.com:443
2025-02-18 21:14:08,353 DEBUG :: https://api.crypto.com:443 "GET /v2/public/get-instruments HTTP/1.1" 200 None
2025-02-18 21:18:12,929 DEBUG :: Starting new HTTPS connection (1): api.crypto.com:443
2025-02-18 21:18:14,387 DEBUG :: https://api.crypto.com:443 "GET /v2/public/get-instruments HTTP/1.1" 200 None
2025-02-18 21:18:14,399 ERROR :: Symbol BTCUSD-PERP not available.
2025-02-18 21:18:54,644 DEBUG :: Starting new HTTPS connection (1): api.crypto.com:443
2025-02-18 21:18:55,753 DEBUG :: https://api.crypto.com:443 "GET /v2/public/get-instruments HTTP/1.1" 200 None
2025-02-18 21:18:55,771 DEBUG :: Starting new HTTPS connection (1): api.crypto.com:443
2025-02-18 21:18:56,595 DEBUG :: https://api.crypto.com:443 "GET /v2/public/get-candlestick?instrument_name=BTC_USD&timeframe=M5 HTTP/1.1" 200 None
2025-02-18 21:30:57,923 DEBUG :: Starting new HTTPS connection (1): api.crypto.com:443
2025-02-18 21:30:58,335 DEBUG :: https://api.crypto.com:443 "GET /v2/public/get-instruments HTTP/1.1" 200 None
2025-02-20 07:47:40,656 DEBUG :: Starting new HTTPS connection (1): api.crypto.com:443
2025-02-20 07:47:41,237 DEBUG :: https://api.crypto.com:443 "GET /v2/public/get-instruments HTTP/1.1" 200 None
2025-02-20 07:47:41,255 DEBUG :: Starting new HTTPS connection (1): api.crypto.com:443
2025-02-20 07:47:41,799 DEBUG :: https://api.crypto.com:443 "GET /v2public/get-candlestick?instrument_name=BTC_USDT&interval=M1&start_ts=M5 HTTP/1.1" 404 36
2025-02-20 07:47:41,801 ERROR :: Error while making request to public/get-candlestick: {'code': '10004', 'msg': 'BAD_REQUEST'} (status code=404)
2025-02-20 07:47:41,804 ERROR :: Error with fetching candlestick data for BTC_USDT
2025-02-20 07:48:05,134 DEBUG :: Starting new HTTPS connection (1): api.crypto.com:443
2025-02-20 07:48:05,958 DEBUG :: https://api.crypto.com:443 "GET /v2/public/get-instruments HTTP/1.1" 200 None
2025-02-20 07:48:05,975 DEBUG :: Starting new HTTPS connection (1): api.crypto.com:443
2025-02-20 07:48:06,863 DEBUG :: https://api.crypto.com:443 "GET /v2public/get-candlestick?instrument_name=BTC_USD&interval=M1&start_ts=M5 HTTP/1.1" 404 36
2025-02-20 07:48:06,864 ERROR :: Error while making request to public/get-candlestick: {'code': '10004', 'msg': 'BAD_REQUEST'} (status code=404)
2025-02-20 07:48:06,867 ERROR :: Error with fetching candlestick data for BTC_USD
2025-02-20 07:48:32,390 DEBUG :: Starting new HTTPS connection (1): api.crypto.com:443
2025-02-20 07:48:33,128 DEBUG :: https://api.crypto.com:443 "GET /v2/public/get-instruments HTTP/1.1" 200 None
2025-02-20 07:52:05,502 DEBUG :: Starting new HTTPS connection (1): api.crypto.com:443
2025-02-20 07:52:07,031 DEBUG :: https://api.crypto.com:443 "GET /v2/public/get-instruments HTTP/1.1" 200 None
2025-02-20 07:52:08,029 DEBUG :: Starting new HTTPS connection (1): api.crypto.com:443
2025-02-20 07:52:08,504 DEBUG :: https://api.crypto.com:443 "GET /v2/public/get-candlestick?instrument_name=BTC_USD&interval=M1&start_ts=M5 HTTP/1.1" 200 None
2025-02-20 07:52:34,566 DEBUG :: Starting new HTTPS connection (1): api.crypto.com:443
2025-02-20 07:52:35,377 DEBUG :: https://api.crypto.com:443 "GET /v2/public/get-instruments HTTP/1.1" 200 None
2025-02-20 07:52:59,109 DEBUG :: Starting new HTTPS connection (1): api.crypto.com:443
2025-02-20 07:52:59,796 DEBUG :: https://api.crypto.com:443 "GET /v2/public/get-instruments HTTP/1.1" 200 None
2025-02-20 07:52:59,895 DEBUG :: Starting new HTTPS connection (1): api.crypto.com:443
2025-02-20 07:53:01,397 DEBUG :: https://api.crypto.com:443 "GET /v2/public/get-candlestick?instrument_name=BTC_USD&interval=M1&start_ts=M1&count=100 HTTP/1.1" 200 None
2025-02-20 07:54:11,782 DEBUG :: Starting new HTTPS connection (1): api.crypto.com:443
2025-02-20 07:54:13,675 DEBUG :: https://api.crypto.com:443 "GET /v2/public/get-instruments HTTP/1.1" 200 None
2025-02-20 07:54:14,494 DEBUG :: Starting new HTTPS connection (1): api.crypto.com:443
2025-02-20 07:54:15,121 DEBUG :: https://api.crypto.com:443 "GET /v2/public/get-candlestick?instrument_name=BTC_USDT&timeframe=M1 HTTP/1.1" 200 None
2025-02-20 07:57:36,902 DEBUG :: Starting new HTTPS connection (1): api.crypto.com:443
2025-02-20 07:57:37,411 DEBUG :: https://api.crypto.com:443 "GET /v2/public/get-instruments HTTP/1.1" 200 None
2025-02-20 07:57:37,572 DEBUG :: Starting new HTTPS connection (1): api.crypto.com:443
2025-02-20 07:57:37,949 DEBUG :: https://api.crypto.com:443 "GET /v2/public/get-candlestick?instrument_name=BTC_USDT&interval=M1&start_ts=M1 HTTP/1.1" 200 None
2025-02-20 08:04:03,661 DEBUG :: Starting new HTTPS connection (1): api.crypto.com:443
2025-02-20 08:04:04,072 DEBUG :: https://api.crypto.com:443 "GET /v2/public/get-instruments HTTP/1.1" 200 None
2025-02-20 08:04:04,265 DEBUG :: Starting new HTTPS connection (1): api.crypto.com:443
2025-02-20 08:04:04,617 DEBUG :: https://api.crypto.com:443 "GET /v2/public/get-candlestick?instrument_name=BTC_USDT&interval=M1&start_ts=M1 HTTP/1.1" 200 None
2025-02-20 08:06:28,708 DEBUG :: Starting new HTTPS connection (1): api.crypto.com:443
2025-02-20 08:06:50,145 DEBUG :: https://api.crypto.com:443 "GET /v2/public/get-instruments HTTP/1.1" 200 None
2025-02-20 08:06:50,196 DEBUG :: Starting new HTTPS connection (1): api.crypto.com:443
2025-02-20 08:06:50,554 DEBUG :: https://api.crypto.com:443 "GET /v2/public/get-candlestick?instrument_name=BTC_USDT&timeframe=M1 HTTP/1.1" 200 None
2025-02-20 08:16:55,380 DEBUG :: Starting new HTTPS connection (1): api.crypto.com:443
2025-02-20 08:16:55,996 DEBUG :: https://api.crypto.com:443 "GET /v2/public/get-instruments HTTP/1.1" 200 None
2025-02-20 08:16:56,224 DEBUG :: Starting new HTTPS connection (1): api.crypto.com:443
2025-02-20 08:16:56,635 DEBUG :: https://api.crypto.com:443 "GET /v2/public/get-candlestick?instrument_name=BTC_USDT&timeframe=M1 HTTP/1.1" 200 None
2025-02-20 08:19:33,668 DEBUG :: Starting new HTTPS connection (1): api.crypto.com:443
2025-02-20 08:19:34,379 DEBUG :: https://api.crypto.com:443 "GET /v2/public/get-instruments HTTP/1.1" 200 None
2025-02-20 08:19:34,813 DEBUG :: Starting new HTTPS connection (1): api.crypto.com:443
2025-02-20 08:19:36,132 DEBUG :: https://api.crypto.com:443 "GET /v2/public/get-candlestick?instrument_name=BTC_USDT&timeframe=M1 HTTP/1.1" 200 None
2025-02-20 08:22:16,358 DEBUG :: Starting new HTTPS connection (1): api.crypto.com:443
2025-02-20 08:22:16,966 DEBUG :: https://api.crypto.com:443 "GET /v2/public/get-instruments HTTP/1.1" 200 None
2025-02-20 08:22:16,980 DEBUG :: Starting new HTTPS connection (1): api.crypto.com:443
2025-02-20 08:22:17,527 DEBUG :: https://api.crypto.com:443 "GET /v2/public/get-candlestick?instrument_name=BTC_USDT&timeframe=M1 HTTP/1.1" 200 None
2025-02-20 08:22:55,699 DEBUG :: Starting new HTTPS connection (1): api.crypto.com:443
2025-02-20 08:22:56,095 DEBUG :: https://api.crypto.com:443 "GET /v2/public/get-instruments HTTP/1.1" 200 None
2025-02-20 08:22:56,112 DEBUG :: Starting new HTTPS connection (1): api.crypto.com:443
2025-02-20 08:22:57,510 DEBUG :: https://api.crypto.com:443 "GET /v2/public/get-candlestick?instrument_name=BTC_USDT&timeframe=M1 HTTP/1.1" 200 None
2025-02-20 08:23:52,509 DEBUG :: Starting new HTTPS connection (1): api.crypto.com:443
2025-02-20 08:23:53,894 DEBUG :: https://api.crypto.com:443 "GET /v2/public/get-instruments HTTP/1.1" 200 None
2025-02-20 08:24:20,091 DEBUG :: Starting new HTTPS connection (1): api.crypto.com:443
2025-02-20 08:24:20,474 DEBUG :: https://api.crypto.com:443 "GET /v2/public/get-instruments HTTP/1.1" 200 None
2025-02-20 08:24:20,652 DEBUG :: Starting new HTTPS connection (1): api.crypto.com:443
2025-02-20 08:24:21,045 DEBUG :: https://api.crypto.com:443 "GET /v2/public/get-candlestick?instrument_name=BTC_USDT&timeframe=M1 HTTP/1.1" 200 None
2025-02-20 08:25:12,163 DEBUG :: Starting new HTTPS connection (1): api.crypto.com:443
2025-02-20 08:25:12,531 DEBUG :: https://api.crypto.com:443 "GET /v2/public/get-instruments HTTP/1.1" 200 None
2025-02-20 08:25:12,578 DEBUG :: Starting new HTTPS connection (1): api.crypto.com:443
2025-02-20 08:25:12,939 DEBUG :: https://api.crypto.com:443 "GET /v2/public/get-candlestick?instrument_name=BTC_USDT&timeframe=M1 HTTP/1.1" 200 None
2025-02-20 08:30:41,923 DEBUG :: Starting new HTTPS connection (1): api.crypto.com:443
2025-02-20 08:30:43,053 DEBUG :: https://api.crypto.com:443 "GET /v2/public/get-instruments HTTP/1.1" 200 None
2025-02-20 08:30:43,069 DEBUG :: Starting new HTTPS connection (1): api.crypto.com:443
2025-02-20 08:30:43,666 DEBUG :: https://api.crypto.com:443 "GET /v2/public/get-candlestick?instrument_name=BTC_USDT&timeframe=M1 HTTP/1.1" 200 None
2025-02-20 08:37:56,635 DEBUG :: Starting new HTTPS connection (1): api.crypto.com:443
2025-02-20 08:37:57,037 DEBUG :: https://api.crypto.com:443 "GET /v2/public/get-instruments HTTP/1.1" 200 None
2025-02-20 08:37:57,223 DEBUG :: Starting new HTTPS connection (1): api.crypto.com:443
2025-02-20 08:37:58,489 DEBUG :: https://api.crypto.com:443 "GET /v2/public/get-candlestick?instrument_name=BTC_USDT&timeframe=M1 HTTP/1.1" 200 None
2025-02-20 08:40:38,787 DEBUG :: Starting new HTTPS connection (1): api.crypto.com:443
2025-02-20 08:40:39,453 DEBUG :: https://api.crypto.com:443 "GET /v2/public/get-instruments HTTP/1.1" 200 None
2025-02-20 08:40:39,584 DEBUG :: Starting new HTTPS connection (1): api.crypto.com:443
2025-02-20 08:40:40,181 DEBUG :: https://api.crypto.com:443 "GET /v2/public/get-candlestick?instrument_name=BTC_USDT&timeframe=M1 HTTP/1.1" 200 None
2025-02-20 08:42:05,474 DEBUG :: Starting new HTTPS connection (1): api.crypto.com:443
2025-02-20 08:42:06,354 DEBUG :: https://api.crypto.com:443 "GET /v2/public/get-instruments HTTP/1.1" 200 None
2025-02-20 08:42:06,368 DEBUG :: Starting new HTTPS connection (1): api.crypto.com:443
2025-02-20 08:42:07,277 DEBUG :: https://api.crypto.com:443 "GET /v2/public/get-candlestick?instrument_name=BTC_USDT&timeframe=M1 HTTP/1.1" 200 None
2025-02-20 08:43:26,754 DEBUG :: Starting new HTTPS connection (1): api.crypto.com:443
2025-02-20 08:43:28,684 DEBUG :: https://api.crypto.com:443 "GET /v2/public/get-instruments HTTP/1.1" 200 None
2025-02-20 08:43:29,417 DEBUG :: Starting new HTTPS connection (1): api.crypto.com:443
2025-02-20 08:43:29,809 DEBUG :: https://api.crypto.com:443 "GET /v2/public/get-candlestick?instrument_name=BTC_USDT&timeframe=M1 HTTP/1.1" 200 None
2025-02-20 08:44:52,570 DEBUG :: Starting new HTTPS connection (1): api.crypto.com:443
2025-02-20 08:44:53,307 DEBUG :: https://api.crypto.com:443 "GET /v2/public/get-instruments HTTP/1.1" 200 None
2025-02-20 08:44:53,323 DEBUG :: Starting new HTTPS connection (1): api.crypto.com:443
2025-02-20 08:44:53,852 DEBUG :: https://api.crypto.com:443 "GET /v2/public/get-candlestick?instrument_name=BTC_USDT&timeframe=M1 HTTP/1.1" 200 None
2025-02-20 08:46:04,530 DEBUG :: Starting new HTTPS connection (1): api.crypto.com:443
2025-02-20 08:46:05,156 DEBUG :: https://api.crypto.com:443 "GET /v2/public/get-instruments HTTP/1.1" 200 None
2025-02-20 08:46:05,173 DEBUG :: Starting new HTTPS connection (1): api.crypto.com:443
2025-02-20 08:46:06,256 DEBUG :: https://api.crypto.com:443 "GET /v2/public/get-candlestick?instrument_name=BTC_USDT&timeframe=M1 HTTP/1.1" 200 None
2025-02-20 09:27:41,238 ERROR :: Invalid exchage selected:bi
2025-02-20 09:30:54,442 DEBUG :: Starting new HTTPS connection (1): fapi.binance.com:443
2025-02-20 09:30:55,575 DEBUG :: https://fapi.binance.com:443 "GET /fapi/v1/exchangeInfo HTTP/1.1" 200 None
2025-02-20 09:31:48,552 DEBUG :: Starting new HTTPS connection (1): fapi.binance.com:443
2025-02-20 09:31:49,072 DEBUG :: https://fapi.binance.com:443 "GET /fapi/v1/exchangeInfo HTTP/1.1" 200 None
2025-02-20 09:31:49,086 DEBUG :: Starting new HTTPS connection (1): fapi.binance.com:443
2025-02-20 09:31:49,867 DEBUG :: https://fapi.binance.com:443 "GET /fapi/v1/klines?symbol=BTCUSDT&interval=1m&limit=1500&startTime=1m HTTP/1.1" 400 98
2025-02-20 09:31:49,868 ERROR :: Error while making request to /fapi/v1/klines: {'code': -1102, 'msg': "Mandatory parameter 'starttime' was not sent, was empty/null, or malformed."} (status code=400)
2025-02-20 09:32:32,407 DEBUG :: Starting new HTTPS connection (1): fapi.binance.com:443
2025-02-20 09:32:33,038 DEBUG :: https://fapi.binance.com:443 "GET /fapi/v1/exchangeInfo HTTP/1.1" 200 None
2025-02-20 09:32:33,062 DEBUG :: Starting new HTTPS connection (1): fapi.binance.com:443
2025-02-20 09:32:33,672 DEBUG :: https://fapi.binance.com:443 "GET /fapi/v1/klines?symbol=BTCUSDT&interval=1m&limit=1500 HTTP/1.1" 200 None
2025-02-21 09:28:47,777 DEBUG :: Starting new HTTPS connection (1): fapi.binance.com:443
2025-02-21 09:28:48,154 DEBUG :: https://fapi.binance.com:443 "GET /fapi/v1/exchangeInfo HTTP/1.1" 200 None
2025-02-21 09:28:48,165 DEBUG :: Starting new HTTPS connection (1): fapi.binance.com:443
2025-02-21 09:28:48,517 DEBUG :: https://fapi.binance.com:443 "GET /fapi/v1/klines?symbol=BTCUSDT&interval=1m&limit=1500 HTTP/1.1" 200 None
2025-02-21 09:31:24,367 DEBUG :: Starting new HTTPS connection (1): api.crypto.com:443
2025-02-21 09:31:24,730 DEBUG :: https://api.crypto.com:443 "GET /v2/public/get-instruments HTTP/1.1" 200 None
2025-02-21 09:31:24,838 ERROR :: Symbol BTCUSDT is not available
2025-02-21 09:31:53,238 DEBUG :: Starting new HTTPS connection (1): api.crypto.com:443
2025-02-21 09:31:54,993 DEBUG :: https://api.crypto.com:443 "GET /v2/public/get-instruments HTTP/1.1" 200 None
2025-02-21 09:31:55,694 DEBUG :: Starting new HTTPS connection (1): api.crypto.com:443
2025-02-21 09:31:56,080 DEBUG :: https://api.crypto.com:443 "GET /v2/public/get-candlestick?instrument_name=BTC_USDT&timeframe=1m HTTP/1.1" 200 None
2025-02-21 09:38:22,894 DEBUG :: Starting new HTTPS connection (1): fapi.binance.com:443
2025-02-21 09:38:24,118 DEBUG :: https://fapi.binance.com:443 "GET /fapi/v1/exchangeInfo HTTP/1.1" 200 None
2025-02-21 09:38:24,133 DEBUG :: Starting new HTTPS connection (1): fapi.binance.com:443
2025-02-21 09:38:25,365 DEBUG :: https://fapi.binance.com:443 "GET /fapi/v1/klines?symbol=BTCUSDT&interval=1m&limit=1500 HTTP/1.1" 200 None
2025-02-21 09:38:25,670 DEBUG :: Starting new HTTPS connection (1): fapi.binance.com:443
2025-02-21 09:38:26,881 DEBUG :: https://fapi.binance.com:443 "GET /fapi/v1/klines?symbol=BTCUSDT&interval=1m&limit=1500 HTTP/1.1" 200 None
2025-02-21 09:39:29,095 DEBUG :: Starting new HTTPS connection (1): api.crypto.com:443
2025-02-21 09:39:29,493 DEBUG :: https://api.crypto.com:443 "GET /v2/public/get-instruments HTTP/1.1" 200 None
2025-02-21 09:39:29,529 DEBUG :: Starting new HTTPS connection (1): api.crypto.com:443
2025-02-21 09:39:29,943 DEBUG :: https://api.crypto.com:443 "GET /v2/public/get-candlestick?instrument_name=BTC_USDT&timeframe=1m HTTP/1.1" 200 None
2025-02-21 09:39:29,952 DEBUG :: Starting new HTTPS connection (1): api.crypto.com:443
2025-02-21 09:39:30,324 DEBUG :: https://api.crypto.com:443 "GET /v2/public/get-candlestick?instrument_name=BTC_USDT&timeframe=1m HTTP/1.1" 200 None
2025-02-21 09:40:37,358 DEBUG :: Starting new HTTPS connection (1): api.crypto.com:443
2025-02-21 09:40:37,712 DEBUG :: https://api.crypto.com:443 "GET /v2/public/get-instruments HTTP/1.1" 200 None
2025-02-21 09:40:37,815 DEBUG :: Starting new HTTPS connection (1): api.crypto.com:443
2025-02-21 09:40:38,168 DEBUG :: https://api.crypto.com:443 "GET /v2/public/get-candlestick?instrument_name=BTC_USDT&timeframe=1m HTTP/1.1" 200 None
2025-02-21 09:40:38,176 DEBUG :: Starting new HTTPS connection (1): api.crypto.com:443
2025-02-21 09:40:38,537 DEBUG :: https://api.crypto.com:443 "GET /v2/public/get-candlestick?instrument_name=BTC_USDT&timeframe=1m HTTP/1.1" 200 None
